<?xml version="1.0" encoding="UTF-8"?>
<!-- Generated by org.testng.reporters.JUnitReportReporter -->
<testsuite name="project.taskcompose_mail.Mailtest" tests="4" time="29.913" ignored="0" failures="0" timestamp="29 Jun 2018 10:45:43 GMT" skipped="0" hostname="ASDW0085" errors="0">
  <testcase name="checkLoginSuccessfull" time="0.078" classname="project.taskcompose_mail.Mailtest"/>
  <testcase name="checkcomposemail_withoutsubject" time="14.057" classname="project.taskcompose_mail.Mailtest"/>
  <testcase name="checkcomposemail_withsubject" time="9.515" classname="project.taskcompose_mail.Mailtest"/>
  <testcase name="logintest" time="6.263" classname="project.taskcompose_mail.Mailtest"/>
</testsuite> <!-- project.taskcompose_mail.Mailtest -->
